[2018-12-21 22:12:54.622] [exthost] [info] extension host started
[2018-12-21 22:12:54.645] [exthost] [info] ExtensionService#_doActivateExtension vscode.debug-auto-launch {"startup":true,"activationEvent":"*"}
[2018-12-21 22:12:54.645] [exthost] [info] ExtensionService#loadCommonJSModule /snap/vscode/72/usr/share/code/resources/app/extensions/debug-auto-launch/dist/extension
[2018-12-21 22:12:54.648] [exthost] [info] ExtensionService#_doActivateExtension vscode.emmet {"startup":true,"activationEvent":"*"}
[2018-12-21 22:12:54.648] [exthost] [info] ExtensionService#loadCommonJSModule /snap/vscode/72/usr/share/code/resources/app/extensions/emmet/dist/extension
[2018-12-21 22:12:54.672] [exthost] [info] ExtensionService#_doActivateExtension vscode.git {"startup":true,"activationEvent":"*"}
[2018-12-21 22:12:54.672] [exthost] [info] ExtensionService#loadCommonJSModule /snap/vscode/72/usr/share/code/resources/app/extensions/git/dist/main
[2018-12-21 22:12:54.765] [exthost] [info] ExtensionService#_doActivateExtension vscode.merge-conflict {"startup":true,"activationEvent":"*"}
[2018-12-21 22:12:54.765] [exthost] [info] ExtensionService#loadCommonJSModule /snap/vscode/72/usr/share/code/resources/app/extensions/merge-conflict/dist/extension
[2018-12-21 22:12:54.770] [exthost] [info] ExtensionService#_doActivateExtension dbaeumer.vscode-eslint {"startup":true,"activationEvent":"*"}
[2018-12-21 22:12:54.770] [exthost] [info] ExtensionService#loadCommonJSModule /root/.vscode/extensions/dbaeumer.vscode-eslint-1.7.2/client/out/extension
[2018-12-21 22:12:56.548] [exthost] [info] ExtensionService#_doActivateExtension etmoffat.pip-packages {"startup":true,"activationEvent":"*"}
[2018-12-21 22:12:56.548] [exthost] [info] ExtensionService#loadCommonJSModule /root/.vscode/extensions/etmoffat.pip-packages-0.4.3/out/pip-updater
[2018-12-21 22:12:56.603] [exthost] [info] ExtensionService#_doActivateExtension formulahendry.auto-close-tag {"startup":true,"activationEvent":"*"}
[2018-12-21 22:12:56.603] [exthost] [info] ExtensionService#loadCommonJSModule /root/.vscode/extensions/formulahendry.auto-close-tag-0.5.6/out/src/extension
[2018-12-21 22:12:56.648] [exthost] [info] ExtensionService#_doActivateExtension ms-vscode.atom-keybindings {"startup":true,"activationEvent":"*"}
[2018-12-21 22:12:56.648] [exthost] [info] ExtensionService#loadCommonJSModule /root/.vscode/extensions/ms-vscode.atom-keybindings-3.0.4/extension
[2018-12-21 22:12:56.666] [exthost] [info] ExtensionService#_doActivateExtension ms-vscode.sublime-keybindings {"startup":true,"activationEvent":"*"}
[2018-12-21 22:12:56.666] [exthost] [info] ExtensionService#loadCommonJSModule /root/.vscode/extensions/ms-vscode.sublime-keybindings-4.0.0/out/extension
[2018-12-21 22:12:56.727] [exthost] [info] ExtensionService#_doActivateExtension PKief.material-icon-theme {"startup":true,"activationEvent":"*"}
[2018-12-21 22:12:56.727] [exthost] [info] ExtensionService#loadCommonJSModule /root/.vscode/extensions/pkief.material-icon-theme-3.6.2/out/src/extension
[2018-12-21 22:12:56.907] [exthost] [info] ExtensionService#_doActivateExtension robertohuertasm.vscode-icons {"startup":true,"activationEvent":"*"}
[2018-12-21 22:12:56.907] [exthost] [info] ExtensionService#loadCommonJSModule /root/.vscode/extensions/robertohuertasm.vscode-icons-8.0.0/out/src/
[2018-12-21 22:12:57.794] [exthost] [info] ExtensionService#_doActivateExtension vscodevim.vim {"startup":true,"activationEvent":"*"}
[2018-12-21 22:12:57.794] [exthost] [info] ExtensionService#loadCommonJSModule /root/.vscode/extensions/vscodevim.vim-0.17.0/out/extension
[2018-12-21 22:13:01.422] [exthost] [info] eager extensions activated
